The system is: Darwin - 19.0.0 - x86_64
Compiling the C compiler identification source file "CMakeCCompilerId.c" succeeded.
Compiler: /usr/local/opt/llvm/bin/clang 
Build flags: 
Id flags:  

The output was:
0


Compilation of the C compiler identification source "CMakeCCompilerId.c" produced "a.out"

The C compiler identification is Clang, found in "/Users/till/HPI/Vorlesungen/7.Semester/DYOD/youri/hyrise/debug/CMakeFiles/3.15.5/CompilerIdC/a.out"

Compiling the CXX compiler identification source file "CMakeCXXCompilerId.cpp" succeeded.
Compiler: /usr/local/opt/llvm/bin/clang++ 
Build flags: 
Id flags:  

The output was:
0


Compilation of the CXX compiler identification source "CMakeCXXCompilerId.cpp" produced "a.out"

The CXX compiler identification is Clang, found in "/Users/till/HPI/Vorlesungen/7.Semester/DYOD/youri/hyrise/debug/CMakeFiles/3.15.5/CompilerIdCXX/a.out"

Determining if the C compiler works passed with the following output:
Change Dir: /Users/till/HPI/Vorlesungen/7.Semester/DYOD/youri/hyrise/debug/CMakeFiles/CMakeTmp

Run Build Command(s):/usr/bin/make cmTC_bd3ac/fast && /Library/Developer/CommandLineTools/usr/bin/make -f CMakeFiles/cmTC_bd3ac.dir/build.make CMakeFiles/cmTC_bd3ac.dir/build
Building C object CMakeFiles/cmTC_bd3ac.dir/testCCompiler.c.o
/usr/local/opt/llvm/bin/clang   -isysroot /Library/Developer/CommandLineTools/SDKs/MacOSX10.15.sdk   -o CMakeFiles/cmTC_bd3ac.dir/testCCompiler.c.o   -c /Users/till/HPI/Vorlesungen/7.Semester/DYOD/youri/hyrise/debug/CMakeFiles/CMakeTmp/testCCompiler.c
Linking C executable cmTC_bd3ac
/usr/local/Cellar/cmake/3.15.5/bin/cmake -E cmake_link_script CMakeFiles/cmTC_bd3ac.dir/link.txt --verbose=1
/usr/local/opt/llvm/bin/clang   -isysroot /Library/Developer/CommandLineTools/SDKs/MacOSX10.15.sdk -Wl,-search_paths_first -Wl,-headerpad_max_install_names   CMakeFiles/cmTC_bd3ac.dir/testCCompiler.c.o  -o cmTC_bd3ac 



Detecting C compiler ABI info compiled with the following output:
Change Dir: /Users/till/HPI/Vorlesungen/7.Semester/DYOD/youri/hyrise/debug/CMakeFiles/CMakeTmp

Run Build Command(s):/usr/bin/make cmTC_b6613/fast && /Library/Developer/CommandLineTools/usr/bin/make -f CMakeFiles/cmTC_b6613.dir/build.make CMakeFiles/cmTC_b6613.dir/build
Building C object CMakeFiles/cmTC_b6613.dir/CMakeCCompilerABI.c.o
/usr/local/opt/llvm/bin/clang   -isysroot /Library/Developer/CommandLineTools/SDKs/MacOSX10.15.sdk   -v -Wl,-v -o CMakeFiles/cmTC_b6613.dir/CMakeCCompilerABI.c.o   -c /usr/local/Cellar/cmake/3.15.5/share/cmake/Modules/CMakeCCompilerABI.c
clang version 9.0.0 (tags/RELEASE_900/final)
Target: x86_64-apple-darwin19.0.0
Thread model: posix
InstalledDir: /usr/local/opt/llvm/bin
clang-9: warning: -Wl,-v: 'linker' input unused [-Wunused-command-line-argument]
 "/usr/local/Cellar/llvm/9.0.0_1/bin/clang-9" -cc1 -triple x86_64-apple-macosx10.15.0 -Wdeprecated-objc-isa-usage -Werror=deprecated-objc-isa-usage -emit-obj -mrelax-all -disable-free -disable-llvm-verifier -discard-value-names -main-file-name CMakeCCompilerABI.c -mrelocation-model pic -pic-level 2 -mthread-model posix -mdisable-fp-elim -masm-verbose -munwind-tables -target-sdk-version=10.15 -target-cpu penryn -dwarf-column-info -debugger-tuning=lldb -ggnu-pubnames -target-linker-version 512.4 -v -coverage-notes-file /Users/till/HPI/Vorlesungen/7.Semester/DYOD/youri/hyrise/debug/CMakeFiles/CMakeTmp/CMakeFiles/cmTC_b6613.dir/CMakeCCompilerABI.c.gcno -resource-dir /usr/local/Cellar/llvm/9.0.0_1/lib/clang/9.0.0 -isysroot /Library/Developer/CommandLineTools/SDKs/MacOSX10.15.sdk -internal-isystem /Library/Developer/CommandLineTools/SDKs/MacOSX10.15.sdk/usr/local/include -internal-isystem /usr/local/Cellar/llvm/9.0.0_1/lib/clang/9.0.0/include -internal-externc-isystem /Library/Developer/CommandLineTools/SDKs/MacOSX10.15.sdk/usr/include -fdebug-compilation-dir /Users/till/HPI/Vorlesungen/7.Semester/DYOD/youri/hyrise/debug/CMakeFiles/CMakeTmp -ferror-limit 19 -fmessage-length 0 -stack-protector 1 -fblocks -fencode-extended-block-signature -fregister-global-dtors-with-atexit -fobjc-runtime=macosx-10.15.0 -fmax-type-align=16 -fdiagnostics-show-option -o CMakeFiles/cmTC_b6613.dir/CMakeCCompilerABI.c.o -x c /usr/local/Cellar/cmake/3.15.5/share/cmake/Modules/CMakeCCompilerABI.c
clang -cc1 version 9.0.0 based upon LLVM 9.0.0 default target x86_64-apple-darwin19.0.0
ignoring nonexistent directory "/Library/Developer/CommandLineTools/SDKs/MacOSX10.15.sdk/usr/local/include"
ignoring nonexistent directory "/Library/Developer/CommandLineTools/SDKs/MacOSX10.15.sdk/Library/Frameworks"
#include "..." search starts here:
#include <...> search starts here:
 /usr/local/Cellar/llvm/9.0.0_1/lib/clang/9.0.0/include
 /Library/Developer/CommandLineTools/SDKs/MacOSX10.15.sdk/usr/include
 /Library/Developer/CommandLineTools/SDKs/MacOSX10.15.sdk/System/Library/Frameworks (framework directory)
End of search list.
Linking C executable cmTC_b6613
/usr/local/Cellar/cmake/3.15.5/bin/cmake -E cmake_link_script CMakeFiles/cmTC_b6613.dir/link.txt --verbose=1
/usr/local/opt/llvm/bin/clang   -isysroot /Library/Developer/CommandLineTools/SDKs/MacOSX10.15.sdk -Wl,-search_paths_first -Wl,-headerpad_max_install_names  -v -Wl,-v CMakeFiles/cmTC_b6613.dir/CMakeCCompilerABI.c.o  -o cmTC_b6613 
clang version 9.0.0 (tags/RELEASE_900/final)
Target: x86_64-apple-darwin19.0.0
Thread model: posix
InstalledDir: /usr/local/opt/llvm/bin
 "/usr/bin/ld" -demangle -lto_library /usr/local/Cellar/llvm/9.0.0_1/lib/libLTO.dylib -dynamic -arch x86_64 -macosx_version_min 10.15.0 -syslibroot /Library/Developer/CommandLineTools/SDKs/MacOSX.sdk -o cmTC_b6613 -search_paths_first -headerpad_max_install_names -v CMakeFiles/cmTC_b6613.dir/CMakeCCompilerABI.c.o -lSystem /usr/local/Cellar/llvm/9.0.0_1/lib/clang/9.0.0/lib/darwin/libclang_rt.osx.a
@(#)PROGRAM:ld  PROJECT:ld64-512.4
BUILD 05:06:53 Aug 16 2019
configured to support archs: armv6 armv7 armv7s arm64 arm64e arm64_32 i386 x86_64 x86_64h armv6m armv7k armv7m armv7em
Library search paths:
	/Library/Developer/CommandLineTools/SDKs/MacOSX.sdk/usr/lib
Framework search paths:
	/Library/Developer/CommandLineTools/SDKs/MacOSX.sdk/System/Library/Frameworks/



Parsed C implicit include dir info from above output: rv=done
  found start of include info
  found start of implicit include info
    add: [/usr/local/Cellar/llvm/9.0.0_1/lib/clang/9.0.0/include]
    add: [/Library/Developer/CommandLineTools/SDKs/MacOSX10.15.sdk/usr/include]
  end of search list found
  collapse include dir [/usr/local/Cellar/llvm/9.0.0_1/lib/clang/9.0.0/include] ==> [/usr/local/Cellar/llvm/9.0.0_1/lib/clang/9.0.0/include]
  collapse include dir [/Library/Developer/CommandLineTools/SDKs/MacOSX10.15.sdk/usr/include] ==> [/Library/Developer/CommandLineTools/SDKs/MacOSX10.15.sdk/usr/include]
  implicit include dirs: [/usr/local/Cellar/llvm/9.0.0_1/lib/clang/9.0.0/include;/Library/Developer/CommandLineTools/SDKs/MacOSX10.15.sdk/usr/include]


Parsed C implicit link information from above output:
  link line regex: [^( *|.*[/\])(ld|CMAKE_LINK_STARTFILE-NOTFOUND|([^/\]+-)?ld|collect2)[^/\]*( |$)]
  ignore line: [Change Dir: /Users/till/HPI/Vorlesungen/7.Semester/DYOD/youri/hyrise/debug/CMakeFiles/CMakeTmp]
  ignore line: []
  ignore line: [Run Build Command(s):/usr/bin/make cmTC_b6613/fast && /Library/Developer/CommandLineTools/usr/bin/make -f CMakeFiles/cmTC_b6613.dir/build.make CMakeFiles/cmTC_b6613.dir/build]
  ignore line: [Building C object CMakeFiles/cmTC_b6613.dir/CMakeCCompilerABI.c.o]
  ignore line: [/usr/local/opt/llvm/bin/clang   -isysroot /Library/Developer/CommandLineTools/SDKs/MacOSX10.15.sdk   -v -Wl,-v -o CMakeFiles/cmTC_b6613.dir/CMakeCCompilerABI.c.o   -c /usr/local/Cellar/cmake/3.15.5/share/cmake/Modules/CMakeCCompilerABI.c]
  ignore line: [clang version 9.0.0 (tags/RELEASE_900/final)]
  ignore line: [Target: x86_64-apple-darwin19.0.0]
  ignore line: [Thread model: posix]
  ignore line: [InstalledDir: /usr/local/opt/llvm/bin]
  ignore line: [clang-9: warning: -Wl,-v: 'linker' input unused [-Wunused-command-line-argument]]
  ignore line: [ "/usr/local/Cellar/llvm/9.0.0_1/bin/clang-9" -cc1 -triple x86_64-apple-macosx10.15.0 -Wdeprecated-objc-isa-usage -Werror=deprecated-objc-isa-usage -emit-obj -mrelax-all -disable-free -disable-llvm-verifier -discard-value-names -main-file-name CMakeCCompilerABI.c -mrelocation-model pic -pic-level 2 -mthread-model posix -mdisable-fp-elim -masm-verbose -munwind-tables -target-sdk-version=10.15 -target-cpu penryn -dwarf-column-info -debugger-tuning=lldb -ggnu-pubnames -target-linker-version 512.4 -v -coverage-notes-file /Users/till/HPI/Vorlesungen/7.Semester/DYOD/youri/hyrise/debug/CMakeFiles/CMakeTmp/CMakeFiles/cmTC_b6613.dir/CMakeCCompilerABI.c.gcno -resource-dir /usr/local/Cellar/llvm/9.0.0_1/lib/clang/9.0.0 -isysroot /Library/Developer/CommandLineTools/SDKs/MacOSX10.15.sdk -internal-isystem /Library/Developer/CommandLineTools/SDKs/MacOSX10.15.sdk/usr/local/include -internal-isystem /usr/local/Cellar/llvm/9.0.0_1/lib/clang/9.0.0/include -internal-externc-isystem /Library/Developer/CommandLineTools/SDKs/MacOSX10.15.sdk/usr/include -fdebug-compilation-dir /Users/till/HPI/Vorlesungen/7.Semester/DYOD/youri/hyrise/debug/CMakeFiles/CMakeTmp -ferror-limit 19 -fmessage-length 0 -stack-protector 1 -fblocks -fencode-extended-block-signature -fregister-global-dtors-with-atexit -fobjc-runtime=macosx-10.15.0 -fmax-type-align=16 -fdiagnostics-show-option -o CMakeFiles/cmTC_b6613.dir/CMakeCCompilerABI.c.o -x c /usr/local/Cellar/cmake/3.15.5/share/cmake/Modules/CMakeCCompilerABI.c]
  ignore line: [clang -cc1 version 9.0.0 based upon LLVM 9.0.0 default target x86_64-apple-darwin19.0.0]
  ignore line: [ignoring nonexistent directory "/Library/Developer/CommandLineTools/SDKs/MacOSX10.15.sdk/usr/local/include"]
  ignore line: [ignoring nonexistent directory "/Library/Developer/CommandLineTools/SDKs/MacOSX10.15.sdk/Library/Frameworks"]
  ignore line: [#include "..." search starts here:]
  ignore line: [#include <...> search starts here:]
  ignore line: [ /usr/local/Cellar/llvm/9.0.0_1/lib/clang/9.0.0/include]
  ignore line: [ /Library/Developer/CommandLineTools/SDKs/MacOSX10.15.sdk/usr/include]
  ignore line: [ /Library/Developer/CommandLineTools/SDKs/MacOSX10.15.sdk/System/Library/Frameworks (framework directory)]
  ignore line: [End of search list.]
  ignore line: [Linking C executable cmTC_b6613]
  ignore line: [/usr/local/Cellar/cmake/3.15.5/bin/cmake -E cmake_link_script CMakeFiles/cmTC_b6613.dir/link.txt --verbose=1]
  ignore line: [/usr/local/opt/llvm/bin/clang   -isysroot /Library/Developer/CommandLineTools/SDKs/MacOSX10.15.sdk -Wl,-search_paths_first -Wl,-headerpad_max_install_names  -v -Wl,-v CMakeFiles/cmTC_b6613.dir/CMakeCCompilerABI.c.o  -o cmTC_b6613 ]
  ignore line: [clang version 9.0.0 (tags/RELEASE_900/final)]
  ignore line: [Target: x86_64-apple-darwin19.0.0]
  ignore line: [Thread model: posix]
  ignore line: [InstalledDir: /usr/local/opt/llvm/bin]
  link line: [ "/usr/bin/ld" -demangle -lto_library /usr/local/Cellar/llvm/9.0.0_1/lib/libLTO.dylib -dynamic -arch x86_64 -macosx_version_min 10.15.0 -syslibroot /Library/Developer/CommandLineTools/SDKs/MacOSX.sdk -o cmTC_b6613 -search_paths_first -headerpad_max_install_names -v CMakeFiles/cmTC_b6613.dir/CMakeCCompilerABI.c.o -lSystem /usr/local/Cellar/llvm/9.0.0_1/lib/clang/9.0.0/lib/darwin/libclang_rt.osx.a]
    arg [/usr/bin/ld] ==> ignore
    arg [-demangle] ==> ignore
    arg [-lto_library] ==> ignore, skip following value
    arg [/usr/local/Cellar/llvm/9.0.0_1/lib/libLTO.dylib] ==> skip value of -lto_library
    arg [-dynamic] ==> ignore
    arg [-arch] ==> ignore
    arg [x86_64] ==> ignore
    arg [-macosx_version_min] ==> ignore
    arg [10.15.0] ==> ignore
    arg [-syslibroot] ==> ignore
    arg [/Library/Developer/CommandLineTools/SDKs/MacOSX.sdk] ==> ignore
    arg [-o] ==> ignore
    arg [cmTC_b6613] ==> ignore
    arg [-search_paths_first] ==> ignore
    arg [-headerpad_max_install_names] ==> ignore
    arg [-v] ==> ignore
    arg [CMakeFiles/cmTC_b6613.dir/CMakeCCompilerABI.c.o] ==> ignore
    arg [-lSystem] ==> lib [System]
    arg [/usr/local/Cellar/llvm/9.0.0_1/lib/clang/9.0.0/lib/darwin/libclang_rt.osx.a] ==> lib [/usr/local/Cellar/llvm/9.0.0_1/lib/clang/9.0.0/lib/darwin/libclang_rt.osx.a]
  Library search paths: [;/Library/Developer/CommandLineTools/SDKs/MacOSX.sdk/usr/lib]
  Framework search paths: [;/Library/Developer/CommandLineTools/SDKs/MacOSX.sdk/System/Library/Frameworks/]
  remove lib [System]
  remove lib [/usr/local/Cellar/llvm/9.0.0_1/lib/clang/9.0.0/lib/darwin/libclang_rt.osx.a]
  collapse library dir [/Library/Developer/CommandLineTools/SDKs/MacOSX.sdk/usr/lib] ==> [/Library/Developer/CommandLineTools/SDKs/MacOSX.sdk/usr/lib]
  collapse framework dir [/Library/Developer/CommandLineTools/SDKs/MacOSX.sdk/System/Library/Frameworks/] ==> [/Library/Developer/CommandLineTools/SDKs/MacOSX.sdk/System/Library/Frameworks]
  implicit libs: []
  implicit dirs: [/Library/Developer/CommandLineTools/SDKs/MacOSX.sdk/usr/lib]
  implicit fwks: [/Library/Developer/CommandLineTools/SDKs/MacOSX.sdk/System/Library/Frameworks]


Determining if the CXX compiler works passed with the following output:
Change Dir: /Users/till/HPI/Vorlesungen/7.Semester/DYOD/youri/hyrise/debug/CMakeFiles/CMakeTmp

Run Build Command(s):/usr/bin/make cmTC_5619e/fast && /Library/Developer/CommandLineTools/usr/bin/make -f CMakeFiles/cmTC_5619e.dir/build.make CMakeFiles/cmTC_5619e.dir/build
Building CXX object CMakeFiles/cmTC_5619e.dir/testCXXCompiler.cxx.o
/usr/local/opt/llvm/bin/clang++    -isysroot /Library/Developer/CommandLineTools/SDKs/MacOSX10.15.sdk   -o CMakeFiles/cmTC_5619e.dir/testCXXCompiler.cxx.o -c /Users/till/HPI/Vorlesungen/7.Semester/DYOD/youri/hyrise/debug/CMakeFiles/CMakeTmp/testCXXCompiler.cxx
Linking CXX executable cmTC_5619e
/usr/local/Cellar/cmake/3.15.5/bin/cmake -E cmake_link_script CMakeFiles/cmTC_5619e.dir/link.txt --verbose=1
/usr/local/opt/llvm/bin/clang++    -isysroot /Library/Developer/CommandLineTools/SDKs/MacOSX10.15.sdk -Wl,-search_paths_first -Wl,-headerpad_max_install_names   CMakeFiles/cmTC_5619e.dir/testCXXCompiler.cxx.o  -o cmTC_5619e 



Detecting CXX compiler ABI info compiled with the following output:
Change Dir: /Users/till/HPI/Vorlesungen/7.Semester/DYOD/youri/hyrise/debug/CMakeFiles/CMakeTmp

Run Build Command(s):/usr/bin/make cmTC_7cf6f/fast && /Library/Developer/CommandLineTools/usr/bin/make -f CMakeFiles/cmTC_7cf6f.dir/build.make CMakeFiles/cmTC_7cf6f.dir/build
Building CXX object CMakeFiles/cmTC_7cf6f.dir/CMakeCXXCompilerABI.cpp.o
/usr/local/opt/llvm/bin/clang++    -isysroot /Library/Developer/CommandLineTools/SDKs/MacOSX10.15.sdk   -v -Wl,-v -o CMakeFiles/cmTC_7cf6f.dir/CMakeCXXCompilerABI.cpp.o -c /usr/local/Cellar/cmake/3.15.5/share/cmake/Modules/CMakeCXXCompilerABI.cpp
clang version 9.0.0 (tags/RELEASE_900/final)
Target: x86_64-apple-darwin19.0.0
Thread model: posix
InstalledDir: /usr/local/opt/llvm/bin
clang-9: warning: -Wl,-v: 'linker' input unused [-Wunused-command-line-argument]
 "/usr/local/Cellar/llvm/9.0.0_1/bin/clang-9" -cc1 -triple x86_64-apple-macosx10.15.0 -Wdeprecated-objc-isa-usage -Werror=deprecated-objc-isa-usage -emit-obj -mrelax-all -disable-free -disable-llvm-verifier -discard-value-names -main-file-name CMakeCXXCompilerABI.cpp -mrelocation-model pic -pic-level 2 -mthread-model posix -mdisable-fp-elim -masm-verbose -munwind-tables -target-sdk-version=10.15 -target-cpu penryn -dwarf-column-info -debugger-tuning=lldb -ggnu-pubnames -target-linker-version 512.4 -v -coverage-notes-file /Users/till/HPI/Vorlesungen/7.Semester/DYOD/youri/hyrise/debug/CMakeFiles/CMakeTmp/CMakeFiles/cmTC_7cf6f.dir/CMakeCXXCompilerABI.cpp.gcno -resource-dir /usr/local/Cellar/llvm/9.0.0_1/lib/clang/9.0.0 -isysroot /Library/Developer/CommandLineTools/SDKs/MacOSX10.15.sdk -stdlib=libc++ -internal-isystem /usr/local/opt/llvm/bin/../include/c++/v1 -internal-isystem /Library/Developer/CommandLineTools/SDKs/MacOSX10.15.sdk/usr/include/c++/v1 -internal-isystem /Library/Developer/CommandLineTools/SDKs/MacOSX10.15.sdk/usr/local/include -internal-isystem /usr/local/Cellar/llvm/9.0.0_1/lib/clang/9.0.0/include -internal-externc-isystem /Library/Developer/CommandLineTools/SDKs/MacOSX10.15.sdk/usr/include -fdeprecated-macro -fdebug-compilation-dir /Users/till/HPI/Vorlesungen/7.Semester/DYOD/youri/hyrise/debug/CMakeFiles/CMakeTmp -ferror-limit 19 -fmessage-length 0 -stack-protector 1 -fblocks -fencode-extended-block-signature -fregister-global-dtors-with-atexit -fobjc-runtime=macosx-10.15.0 -fcxx-exceptions -fexceptions -fmax-type-align=16 -fdiagnostics-show-option -o CMakeFiles/cmTC_7cf6f.dir/CMakeCXXCompilerABI.cpp.o -x c++ /usr/local/Cellar/cmake/3.15.5/share/cmake/Modules/CMakeCXXCompilerABI.cpp
clang -cc1 version 9.0.0 based upon LLVM 9.0.0 default target x86_64-apple-darwin19.0.0
ignoring nonexistent directory "/Library/Developer/CommandLineTools/SDKs/MacOSX10.15.sdk/usr/include/c++/v1"
ignoring nonexistent directory "/Library/Developer/CommandLineTools/SDKs/MacOSX10.15.sdk/usr/local/include"
ignoring nonexistent directory "/Library/Developer/CommandLineTools/SDKs/MacOSX10.15.sdk/Library/Frameworks"
#include "..." search starts here:
#include <...> search starts here:
 /usr/local/opt/llvm/bin/../include/c++/v1
 /usr/local/Cellar/llvm/9.0.0_1/lib/clang/9.0.0/include
 /Library/Developer/CommandLineTools/SDKs/MacOSX10.15.sdk/usr/include
 /Library/Developer/CommandLineTools/SDKs/MacOSX10.15.sdk/System/Library/Frameworks (framework directory)
End of search list.
Linking CXX executable cmTC_7cf6f
/usr/local/Cellar/cmake/3.15.5/bin/cmake -E cmake_link_script CMakeFiles/cmTC_7cf6f.dir/link.txt --verbose=1
/usr/local/opt/llvm/bin/clang++    -isysroot /Library/Developer/CommandLineTools/SDKs/MacOSX10.15.sdk -Wl,-search_paths_first -Wl,-headerpad_max_install_names  -v -Wl,-v CMakeFiles/cmTC_7cf6f.dir/CMakeCXXCompilerABI.cpp.o  -o cmTC_7cf6f 
clang version 9.0.0 (tags/RELEASE_900/final)
Target: x86_64-apple-darwin19.0.0
Thread model: posix
InstalledDir: /usr/local/opt/llvm/bin
 "/usr/bin/ld" -demangle -lto_library /usr/local/Cellar/llvm/9.0.0_1/lib/libLTO.dylib -dynamic -arch x86_64 -macosx_version_min 10.15.0 -syslibroot /Library/Developer/CommandLineTools/SDKs/MacOSX.sdk -o cmTC_7cf6f -search_paths_first -headerpad_max_install_names -v CMakeFiles/cmTC_7cf6f.dir/CMakeCXXCompilerABI.cpp.o -lc++ -lSystem /usr/local/Cellar/llvm/9.0.0_1/lib/clang/9.0.0/lib/darwin/libclang_rt.osx.a
@(#)PROGRAM:ld  PROJECT:ld64-512.4
BUILD 05:06:53 Aug 16 2019
configured to support archs: armv6 armv7 armv7s arm64 arm64e arm64_32 i386 x86_64 x86_64h armv6m armv7k armv7m armv7em
Library search paths:
	/Library/Developer/CommandLineTools/SDKs/MacOSX.sdk/usr/lib
Framework search paths:
	/Library/Developer/CommandLineTools/SDKs/MacOSX.sdk/System/Library/Frameworks/



Parsed CXX implicit include dir info from above output: rv=done
  found start of include info
  found start of implicit include info
    add: [/usr/local/opt/llvm/bin/../include/c++/v1]
    add: [/usr/local/Cellar/llvm/9.0.0_1/lib/clang/9.0.0/include]
    add: [/Library/Developer/CommandLineTools/SDKs/MacOSX10.15.sdk/usr/include]
  end of search list found
  collapse include dir [/usr/local/opt/llvm/bin/../include/c++/v1] ==> [/usr/local/opt/llvm/include/c++/v1]
  collapse include dir [/usr/local/Cellar/llvm/9.0.0_1/lib/clang/9.0.0/include] ==> [/usr/local/Cellar/llvm/9.0.0_1/lib/clang/9.0.0/include]
  collapse include dir [/Library/Developer/CommandLineTools/SDKs/MacOSX10.15.sdk/usr/include] ==> [/Library/Developer/CommandLineTools/SDKs/MacOSX10.15.sdk/usr/include]
  implicit include dirs: [/usr/local/opt/llvm/include/c++/v1;/usr/local/Cellar/llvm/9.0.0_1/lib/clang/9.0.0/include;/Library/Developer/CommandLineTools/SDKs/MacOSX10.15.sdk/usr/include]


Parsed CXX implicit link information from above output:
  link line regex: [^( *|.*[/\])(ld|CMAKE_LINK_STARTFILE-NOTFOUND|([^/\]+-)?ld|collect2)[^/\]*( |$)]
  ignore line: [Change Dir: /Users/till/HPI/Vorlesungen/7.Semester/DYOD/youri/hyrise/debug/CMakeFiles/CMakeTmp]
  ignore line: []
  ignore line: [Run Build Command(s):/usr/bin/make cmTC_7cf6f/fast && /Library/Developer/CommandLineTools/usr/bin/make -f CMakeFiles/cmTC_7cf6f.dir/build.make CMakeFiles/cmTC_7cf6f.dir/build]
  ignore line: [Building CXX object CMakeFiles/cmTC_7cf6f.dir/CMakeCXXCompilerABI.cpp.o]
  ignore line: [/usr/local/opt/llvm/bin/clang++    -isysroot /Library/Developer/CommandLineTools/SDKs/MacOSX10.15.sdk   -v -Wl,-v -o CMakeFiles/cmTC_7cf6f.dir/CMakeCXXCompilerABI.cpp.o -c /usr/local/Cellar/cmake/3.15.5/share/cmake/Modules/CMakeCXXCompilerABI.cpp]
  ignore line: [clang version 9.0.0 (tags/RELEASE_900/final)]
  ignore line: [Target: x86_64-apple-darwin19.0.0]
  ignore line: [Thread model: posix]
  ignore line: [InstalledDir: /usr/local/opt/llvm/bin]
  ignore line: [clang-9: warning: -Wl,-v: 'linker' input unused [-Wunused-command-line-argument]]
  ignore line: [ "/usr/local/Cellar/llvm/9.0.0_1/bin/clang-9" -cc1 -triple x86_64-apple-macosx10.15.0 -Wdeprecated-objc-isa-usage -Werror=deprecated-objc-isa-usage -emit-obj -mrelax-all -disable-free -disable-llvm-verifier -discard-value-names -main-file-name CMakeCXXCompilerABI.cpp -mrelocation-model pic -pic-level 2 -mthread-model posix -mdisable-fp-elim -masm-verbose -munwind-tables -target-sdk-version=10.15 -target-cpu penryn -dwarf-column-info -debugger-tuning=lldb -ggnu-pubnames -target-linker-version 512.4 -v -coverage-notes-file /Users/till/HPI/Vorlesungen/7.Semester/DYOD/youri/hyrise/debug/CMakeFiles/CMakeTmp/CMakeFiles/cmTC_7cf6f.dir/CMakeCXXCompilerABI.cpp.gcno -resource-dir /usr/local/Cellar/llvm/9.0.0_1/lib/clang/9.0.0 -isysroot /Library/Developer/CommandLineTools/SDKs/MacOSX10.15.sdk -stdlib=libc++ -internal-isystem /usr/local/opt/llvm/bin/../include/c++/v1 -internal-isystem /Library/Developer/CommandLineTools/SDKs/MacOSX10.15.sdk/usr/include/c++/v1 -internal-isystem /Library/Developer/CommandLineTools/SDKs/MacOSX10.15.sdk/usr/local/include -internal-isystem /usr/local/Cellar/llvm/9.0.0_1/lib/clang/9.0.0/include -internal-externc-isystem /Library/Developer/CommandLineTools/SDKs/MacOSX10.15.sdk/usr/include -fdeprecated-macro -fdebug-compilation-dir /Users/till/HPI/Vorlesungen/7.Semester/DYOD/youri/hyrise/debug/CMakeFiles/CMakeTmp -ferror-limit 19 -fmessage-length 0 -stack-protector 1 -fblocks -fencode-extended-block-signature -fregister-global-dtors-with-atexit -fobjc-runtime=macosx-10.15.0 -fcxx-exceptions -fexceptions -fmax-type-align=16 -fdiagnostics-show-option -o CMakeFiles/cmTC_7cf6f.dir/CMakeCXXCompilerABI.cpp.o -x c++ /usr/local/Cellar/cmake/3.15.5/share/cmake/Modules/CMakeCXXCompilerABI.cpp]
  ignore line: [clang -cc1 version 9.0.0 based upon LLVM 9.0.0 default target x86_64-apple-darwin19.0.0]
  ignore line: [ignoring nonexistent directory "/Library/Developer/CommandLineTools/SDKs/MacOSX10.15.sdk/usr/include/c++/v1"]
  ignore line: [ignoring nonexistent directory "/Library/Developer/CommandLineTools/SDKs/MacOSX10.15.sdk/usr/local/include"]
  ignore line: [ignoring nonexistent directory "/Library/Developer/CommandLineTools/SDKs/MacOSX10.15.sdk/Library/Frameworks"]
  ignore line: [#include "..." search starts here:]
  ignore line: [#include <...> search starts here:]
  ignore line: [ /usr/local/opt/llvm/bin/../include/c++/v1]
  ignore line: [ /usr/local/Cellar/llvm/9.0.0_1/lib/clang/9.0.0/include]
  ignore line: [ /Library/Developer/CommandLineTools/SDKs/MacOSX10.15.sdk/usr/include]
  ignore line: [ /Library/Developer/CommandLineTools/SDKs/MacOSX10.15.sdk/System/Library/Frameworks (framework directory)]
  ignore line: [End of search list.]
  ignore line: [Linking CXX executable cmTC_7cf6f]
  ignore line: [/usr/local/Cellar/cmake/3.15.5/bin/cmake -E cmake_link_script CMakeFiles/cmTC_7cf6f.dir/link.txt --verbose=1]
  ignore line: [/usr/local/opt/llvm/bin/clang++    -isysroot /Library/Developer/CommandLineTools/SDKs/MacOSX10.15.sdk -Wl,-search_paths_first -Wl,-headerpad_max_install_names  -v -Wl,-v CMakeFiles/cmTC_7cf6f.dir/CMakeCXXCompilerABI.cpp.o  -o cmTC_7cf6f ]
  ignore line: [clang version 9.0.0 (tags/RELEASE_900/final)]
  ignore line: [Target: x86_64-apple-darwin19.0.0]
  ignore line: [Thread model: posix]
  ignore line: [InstalledDir: /usr/local/opt/llvm/bin]
  link line: [ "/usr/bin/ld" -demangle -lto_library /usr/local/Cellar/llvm/9.0.0_1/lib/libLTO.dylib -dynamic -arch x86_64 -macosx_version_min 10.15.0 -syslibroot /Library/Developer/CommandLineTools/SDKs/MacOSX.sdk -o cmTC_7cf6f -search_paths_first -headerpad_max_install_names -v CMakeFiles/cmTC_7cf6f.dir/CMakeCXXCompilerABI.cpp.o -lc++ -lSystem /usr/local/Cellar/llvm/9.0.0_1/lib/clang/9.0.0/lib/darwin/libclang_rt.osx.a]
    arg [/usr/bin/ld] ==> ignore
    arg [-demangle] ==> ignore
    arg [-lto_library] ==> ignore, skip following value
    arg [/usr/local/Cellar/llvm/9.0.0_1/lib/libLTO.dylib] ==> skip value of -lto_library
    arg [-dynamic] ==> ignore
    arg [-arch] ==> ignore
    arg [x86_64] ==> ignore
    arg [-macosx_version_min] ==> ignore
    arg [10.15.0] ==> ignore
    arg [-syslibroot] ==> ignore
    arg [/Library/Developer/CommandLineTools/SDKs/MacOSX.sdk] ==> ignore
    arg [-o] ==> ignore
    arg [cmTC_7cf6f] ==> ignore
    arg [-search_paths_first] ==> ignore
    arg [-headerpad_max_install_names] ==> ignore
    arg [-v] ==> ignore
    arg [CMakeFiles/cmTC_7cf6f.dir/CMakeCXXCompilerABI.cpp.o] ==> ignore
    arg [-lc++] ==> lib [c++]
    arg [-lSystem] ==> lib [System]
    arg [/usr/local/Cellar/llvm/9.0.0_1/lib/clang/9.0.0/lib/darwin/libclang_rt.osx.a] ==> lib [/usr/local/Cellar/llvm/9.0.0_1/lib/clang/9.0.0/lib/darwin/libclang_rt.osx.a]
  Library search paths: [;/Library/Developer/CommandLineTools/SDKs/MacOSX.sdk/usr/lib]
  Framework search paths: [;/Library/Developer/CommandLineTools/SDKs/MacOSX.sdk/System/Library/Frameworks/]
  remove lib [System]
  remove lib [/usr/local/Cellar/llvm/9.0.0_1/lib/clang/9.0.0/lib/darwin/libclang_rt.osx.a]
  collapse library dir [/Library/Developer/CommandLineTools/SDKs/MacOSX.sdk/usr/lib] ==> [/Library/Developer/CommandLineTools/SDKs/MacOSX.sdk/usr/lib]
  collapse framework dir [/Library/Developer/CommandLineTools/SDKs/MacOSX.sdk/System/Library/Frameworks/] ==> [/Library/Developer/CommandLineTools/SDKs/MacOSX.sdk/System/Library/Frameworks]
  implicit libs: [c++]
  implicit dirs: [/Library/Developer/CommandLineTools/SDKs/MacOSX.sdk/usr/lib]
  implicit fwks: [/Library/Developer/CommandLineTools/SDKs/MacOSX.sdk/System/Library/Frameworks]


Determining if the function wsyncup exists in the /usr/lib/libcurses.dylib passed with the following output:
Change Dir: /Users/till/HPI/Vorlesungen/7.Semester/DYOD/youri/hyrise/debug/CMakeFiles/CMakeTmp

Run Build Command(s):/usr/bin/make cmTC_950a7/fast && /Library/Developer/CommandLineTools/usr/bin/make -f CMakeFiles/cmTC_950a7.dir/build.make CMakeFiles/cmTC_950a7.dir/build
Building C object CMakeFiles/cmTC_950a7.dir/CheckFunctionExists.c.o
/usr/local/opt/llvm/bin/clang   -DCHECK_FUNCTION_EXISTS=wsyncup -isysroot /Library/Developer/CommandLineTools/SDKs/MacOSX10.15.sdk   -o CMakeFiles/cmTC_950a7.dir/CheckFunctionExists.c.o   -c /usr/local/Cellar/cmake/3.15.5/share/cmake/Modules/CheckFunctionExists.c
Linking C executable cmTC_950a7
/usr/local/Cellar/cmake/3.15.5/bin/cmake -E cmake_link_script CMakeFiles/cmTC_950a7.dir/link.txt --verbose=1
/usr/local/opt/llvm/bin/clang  -DCHECK_FUNCTION_EXISTS=wsyncup -isysroot /Library/Developer/CommandLineTools/SDKs/MacOSX10.15.sdk -Wl,-search_paths_first -Wl,-headerpad_max_install_names -Wl,-export_dynamic  CMakeFiles/cmTC_950a7.dir/CheckFunctionExists.c.o  -o cmTC_950a7 /usr/lib/libcurses.dylib 



Determining if the function cbreak exists in the /usr/lib/libncurses.dylib passed with the following output:
Change Dir: /Users/till/HPI/Vorlesungen/7.Semester/DYOD/youri/hyrise/debug/CMakeFiles/CMakeTmp

Run Build Command(s):/usr/bin/make cmTC_2c309/fast && /Library/Developer/CommandLineTools/usr/bin/make -f CMakeFiles/cmTC_2c309.dir/build.make CMakeFiles/cmTC_2c309.dir/build
Building C object CMakeFiles/cmTC_2c309.dir/CheckFunctionExists.c.o
/usr/local/opt/llvm/bin/clang   -DCHECK_FUNCTION_EXISTS=cbreak -isysroot /Library/Developer/CommandLineTools/SDKs/MacOSX10.15.sdk   -o CMakeFiles/cmTC_2c309.dir/CheckFunctionExists.c.o   -c /usr/local/Cellar/cmake/3.15.5/share/cmake/Modules/CheckFunctionExists.c
Linking C executable cmTC_2c309
/usr/local/Cellar/cmake/3.15.5/bin/cmake -E cmake_link_script CMakeFiles/cmTC_2c309.dir/link.txt --verbose=1
/usr/local/opt/llvm/bin/clang  -DCHECK_FUNCTION_EXISTS=cbreak -isysroot /Library/Developer/CommandLineTools/SDKs/MacOSX10.15.sdk -Wl,-search_paths_first -Wl,-headerpad_max_install_names -Wl,-export_dynamic  CMakeFiles/cmTC_2c309.dir/CheckFunctionExists.c.o  -o cmTC_2c309 /usr/lib/libncurses.dylib 



Determining if the include file pthread.h exists passed with the following output:
Change Dir: /Users/till/HPI/Vorlesungen/7.Semester/DYOD/youri/hyrise/debug/CMakeFiles/CMakeTmp

Run Build Command(s):/usr/bin/make cmTC_d4f75/fast && /Library/Developer/CommandLineTools/usr/bin/make -f CMakeFiles/cmTC_d4f75.dir/build.make CMakeFiles/cmTC_d4f75.dir/build
Building C object CMakeFiles/cmTC_d4f75.dir/CheckIncludeFile.c.o
/usr/local/opt/llvm/bin/clang   -isysroot /Library/Developer/CommandLineTools/SDKs/MacOSX10.15.sdk   -o CMakeFiles/cmTC_d4f75.dir/CheckIncludeFile.c.o   -c /Users/till/HPI/Vorlesungen/7.Semester/DYOD/youri/hyrise/debug/CMakeFiles/CMakeTmp/CheckIncludeFile.c
Linking C executable cmTC_d4f75
/usr/local/Cellar/cmake/3.15.5/bin/cmake -E cmake_link_script CMakeFiles/cmTC_d4f75.dir/link.txt --verbose=1
/usr/local/opt/llvm/bin/clang   -isysroot /Library/Developer/CommandLineTools/SDKs/MacOSX10.15.sdk -Wl,-search_paths_first -Wl,-headerpad_max_install_names -Wl,-export_dynamic  CMakeFiles/cmTC_d4f75.dir/CheckIncludeFile.c.o  -o cmTC_d4f75 



Performing C SOURCE FILE Test CMAKE_HAVE_LIBC_PTHREAD succeeded with the following output:
Change Dir: /Users/till/HPI/Vorlesungen/7.Semester/DYOD/youri/hyrise/debug/CMakeFiles/CMakeTmp

Run Build Command(s):/usr/bin/make cmTC_1180c/fast && /Library/Developer/CommandLineTools/usr/bin/make -f CMakeFiles/cmTC_1180c.dir/build.make CMakeFiles/cmTC_1180c.dir/build
Building C object CMakeFiles/cmTC_1180c.dir/src.c.o
/usr/local/opt/llvm/bin/clang   -DCMAKE_HAVE_LIBC_PTHREAD -isysroot /Library/Developer/CommandLineTools/SDKs/MacOSX10.15.sdk   -o CMakeFiles/cmTC_1180c.dir/src.c.o   -c /Users/till/HPI/Vorlesungen/7.Semester/DYOD/youri/hyrise/debug/CMakeFiles/CMakeTmp/src.c
Linking C executable cmTC_1180c
/usr/local/Cellar/cmake/3.15.5/bin/cmake -E cmake_link_script CMakeFiles/cmTC_1180c.dir/link.txt --verbose=1
/usr/local/opt/llvm/bin/clang  -DCMAKE_HAVE_LIBC_PTHREAD -isysroot /Library/Developer/CommandLineTools/SDKs/MacOSX10.15.sdk -Wl,-search_paths_first -Wl,-headerpad_max_install_names -Wl,-export_dynamic  CMakeFiles/cmTC_1180c.dir/src.c.o  -o cmTC_1180c 


Source file was:
#include <pthread.h>

void* test_func(void* data)
{
  return data;
}

int main(void)
{
  pthread_t thread;
  pthread_create(&thread, NULL, test_func, NULL);
  pthread_detach(thread);
  pthread_join(thread, NULL);
  pthread_atfork(NULL, NULL, NULL);
  pthread_exit(NULL);

  return 0;
}

Determining if the function poll exists passed with the following output:
Change Dir: /Users/till/HPI/Vorlesungen/7.Semester/DYOD/youri/hyrise/debug/CMakeFiles/CMakeTmp

Run Build Command(s):/usr/bin/make cmTC_a42b0/fast && /Library/Developer/CommandLineTools/usr/bin/make -f CMakeFiles/cmTC_a42b0.dir/build.make CMakeFiles/cmTC_a42b0.dir/build
Building C object CMakeFiles/cmTC_a42b0.dir/CheckFunctionExists.c.o
/usr/local/opt/llvm/bin/clang   -DCHECK_FUNCTION_EXISTS=poll -isysroot /Library/Developer/CommandLineTools/SDKs/MacOSX10.15.sdk   -o CMakeFiles/cmTC_a42b0.dir/CheckFunctionExists.c.o   -c /usr/local/Cellar/cmake/3.15.5/share/cmake/Modules/CheckFunctionExists.c
Linking C executable cmTC_a42b0
/usr/local/Cellar/cmake/3.15.5/bin/cmake -E cmake_link_script CMakeFiles/cmTC_a42b0.dir/link.txt --verbose=1
/usr/local/opt/llvm/bin/clang  -DCHECK_FUNCTION_EXISTS=poll -isysroot /Library/Developer/CommandLineTools/SDKs/MacOSX10.15.sdk -Wl,-search_paths_first -Wl,-headerpad_max_install_names -Wl,-export_dynamic  CMakeFiles/cmTC_a42b0.dir/CheckFunctionExists.c.o  -o cmTC_a42b0 



